TN:
SF:/Users/luckyzhou/Documents/workspace/fetch-utils/src/index.js
FN:15,setConfig
FN:22,doGet
FN:29,doPut
FN:36,doPost
FN:43,doDelete
FN:53,doRequest
FN:59,merge
FNF:7
FNH:0
FNDA:0,setConfig
FNDA:0,doGet
FNDA:0,doPut
FNDA:0,doPost
FNDA:0,doDelete
FNDA:0,doRequest
FNDA:0,merge
DA:4,1
DA:5,1
DA:6,1
DA:8,1
DA:9,1
DA:15,0
DA:16,0
DA:23,0
DA:24,0
DA:26,0
DA:30,0
DA:31,0
DA:33,0
DA:37,0
DA:38,0
DA:40,0
DA:44,0
DA:45,0
DA:47,0
DA:53,0
DA:54,0
DA:56,0
DA:60,0
DA:62,0
DA:63,0
DA:65,0
DA:68,0
DA:69,0
DA:72,0
LF:29
LH:5
BRDA:15,1,0,0
BRDA:15,1,1,0
BRDA:15,2,0,0
BRDA:15,2,1,0
BRDA:53,3,0,0
BRDA:53,3,1,0
BRDA:53,4,0,0
BRDA:53,4,1,0
BRDA:62,5,0,0
BRDA:62,5,1,0
BRDA:68,6,0,0
BRDA:68,6,1,0
BRF:12
BRH:0
end_of_record
TN:
SF:/Users/luckyzhou/Documents/workspace/fetch-utils/src/config/defaultOptions.js
FNF:0
FNH:0
DA:8,1
LF:1
LH:1
BRF:0
BRH:0
end_of_record
