TN:
SF:/Users/luckyzhou/Documents/workspace/fetch-utils/src/index.js
FN:15,setConfig
FN:22,doGet
FN:29,doPut
FN:36,doPost
FN:43,doDelete
FN:53,doRequest
FN:59,merge
FNF:7
FNH:7
FNDA:1,setConfig
FNDA:1,doGet
FNDA:1,doPut
FNDA:1,doPost
FNDA:1,doDelete
FNDA:4,doRequest
FNDA:4,merge
DA:4,1
DA:5,1
DA:6,1
DA:8,1
DA:9,1
DA:15,1
DA:16,1
DA:23,1
DA:24,1
DA:26,1
DA:30,1
DA:31,1
DA:33,1
DA:37,1
DA:38,1
DA:40,1
DA:44,1
DA:45,1
DA:47,1
DA:53,4
DA:54,4
DA:56,4
DA:60,4
DA:62,4
DA:63,4
DA:65,0
DA:68,4
DA:69,0
DA:72,4
LF:29
LH:27
BRDA:15,1,0,0
BRDA:15,1,1,1
BRDA:15,2,0,1
BRDA:15,2,1,1
BRDA:53,3,0,0
BRDA:53,3,1,4
BRDA:53,4,0,4
BRDA:53,4,1,4
BRDA:62,5,0,4
BRDA:62,5,1,0
BRDA:68,6,0,0
BRDA:68,6,1,4
BRF:12
BRH:8
end_of_record
TN:
SF:/Users/luckyzhou/Documents/workspace/fetch-utils/src/config/defaultOptions.js
FNF:0
FNH:0
DA:8,1
LF:1
LH:1
BRF:0
BRH:0
end_of_record
